{
  "RSpec": {
    "coverage": {
      "/Users/emmymorris/turing/3module/projects/sweater-weather/config/environment.rb": {
        "lines": [
          null,
          1,
          null,
          null,
          1
        ]
      },
      "/Users/emmymorris/turing/3module/projects/sweater-weather/config/application.rb": {
        "lines": [
          1,
          null,
          1,
          null,
          1,
          1,
          1,
          1,
          1,
          1,
          1,
          1,
          1,
          null,
          null,
          null,
          null,
          1,
          null,
          1,
          1,
          null,
          1,
          null,
          null,
          null,
          null,
          null,
          null,
          null,
          1,
          null,
          null
        ]
      },
      "/Users/emmymorris/turing/3module/projects/sweater-weather/config/boot.rb": {
        "lines": [
          1,
          null,
          1,
          1
        ]
      },
      "/Users/emmymorris/turing/3module/projects/sweater-weather/config/environments/test.rb": {
        "lines": [
          1,
          null,
          null,
          null,
          null,
          null,
          null,
          1,
          null,
          null,
          null,
          null,
          1,
          null,
          null,
          1,
          1,
          null,
          null,
          null,
          null,
          1,
          1,
          null,
          null,
          1,
          null,
          null,
          1,
          null,
          null,
          1,
          null,
          1,
          null,
          null,
          null,
          null,
          1,
          null,
          null,
          1,
          null,
          null,
          null,
          null
        ]
      },
      "/Users/emmymorris/turing/3module/projects/sweater-weather/config/initializers/application_controller_renderer.rb": {
        "lines": [
          null,
          null,
          null,
          null,
          null,
          null,
          null,
          null
        ]
      },
      "/Users/emmymorris/turing/3module/projects/sweater-weather/config/initializers/assets.rb": {
        "lines": [
          null,
          null,
          null,
          1,
          null,
          null,
          null,
          null,
          1,
          null,
          null,
          null,
          null,
          null
        ]
      },
      "/Users/emmymorris/turing/3module/projects/sweater-weather/config/initializers/backtrace_silencers.rb": {
        "lines": [
          null,
          null,
          null,
          null,
          null,
          null,
          null
        ]
      },
      "/Users/emmymorris/turing/3module/projects/sweater-weather/config/initializers/content_security_policy.rb": {
        "lines": [
          null,
          null,
          null,
          null,
          null,
          null,
          null,
          null,
          null,
          null,
          null,
          null,
          null,
          null,
          null,
          null,
          null,
          null,
          null,
          null,
          null,
          null,
          null,
          null,
          null
        ]
      },
      "/Users/emmymorris/turing/3module/projects/sweater-weather/config/initializers/cookies_serializer.rb": {
        "lines": [
          null,
          null,
          null,
          null,
          1
        ]
      },
      "/Users/emmymorris/turing/3module/projects/sweater-weather/config/initializers/filter_parameter_logging.rb": {
        "lines": [
          null,
          null,
          null,
          1
        ]
      },
      "/Users/emmymorris/turing/3module/projects/sweater-weather/config/initializers/inflections.rb": {
        "lines": [
          null,
          null,
          null,
          null,
          null,
          null,
          null,
          null,
          null,
          null,
          null,
          null,
          null,
          null,
          null,
          null
        ]
      },
      "/Users/emmymorris/turing/3module/projects/sweater-weather/config/initializers/mime_types.rb": {
        "lines": [
          null,
          null,
          null,
          null
        ]
      },
      "/Users/emmymorris/turing/3module/projects/sweater-weather/config/initializers/wrap_parameters.rb": {
        "lines": [
          null,
          null,
          null,
          null,
          null,
          null,
          1,
          2,
          null,
          null,
          null,
          null,
          null,
          null
        ]
      },
      "/Users/emmymorris/turing/3module/projects/sweater-weather/config/routes.rb": {
        "lines": [
          1,
          null,
          1,
          1,
          1,
          1,
          null,
          null,
          null
        ]
      },
      "/Users/emmymorris/turing/3module/projects/sweater-weather/app/helpers/application_helper.rb": {
        "lines": [
          1,
          null
        ]
      },
      "/Users/emmymorris/turing/3module/projects/sweater-weather/app/facades/breweries_facade.rb": {
        "lines": [
          1,
          1,
          2,
          2,
          2,
          2,
          2,
          2,
          2,
          2,
          null,
          null,
          1,
          2,
          null,
          null,
          1,
          2,
          null,
          10,
          null,
          null,
          null,
          null,
          null,
          null,
          1,
          null,
          2,
          null,
          null,
          null,
          null,
          null,
          null,
          null,
          null,
          null,
          null,
          null,
          null,
          null,
          null,
          null,
          null
        ]
      },
      "/Users/emmymorris/turing/3module/projects/sweater-weather/spec/facades/coordinates_facade_spec.rb": {
        "lines": [
          1,
          null,
          1,
          1,
          1,
          1,
          1,
          1,
          null,
          1,
          1,
          1,
          1,
          null,
          null,
          null,
          null,
          null
        ]
      },
      "/Users/emmymorris/turing/3module/projects/sweater-weather/app/facades/coordinates_facade.rb": {
        "lines": [
          1,
          1,
          5,
          5,
          null,
          null
        ]
      },
      "/Users/emmymorris/turing/3module/projects/sweater-weather/spec/facades/forecast_facade_spec.rb": {
        "lines": [
          1,
          null,
          1,
          1,
          1,
          1,
          1,
          null,
          1,
          1,
          1,
          null,
          null,
          null,
          null
        ]
      },
      "/Users/emmymorris/turing/3module/projects/sweater-weather/app/facades/forecast_facade.rb": {
        "lines": [
          1,
          1,
          2,
          2,
          2,
          null,
          null
        ]
      },
      "/Users/emmymorris/turing/3module/projects/sweater-weather/spec/poros/breweries_spec.rb": {
        "lines": [
          1,
          null,
          1,
          1,
          1,
          1,
          1,
          null,
          null,
          null,
          null,
          null,
          null,
          null,
          null,
          null,
          null,
          null,
          null,
          null,
          1,
          null,
          1,
          1,
          1,
          1,
          null,
          null,
          null,
          null
        ]
      },
      "/Users/emmymorris/turing/3module/projects/sweater-weather/app/poros/breweries_details.rb": {
        "lines": [
          1,
          1,
          null,
          null,
          null,
          1,
          null,
          null,
          null,
          null,
          3,
          3,
          3,
          null,
          null,
          null,
          null,
          null,
          null,
          null,
          null,
          null,
          null,
          null,
          null,
          null,
          null,
          null,
          null,
          null,
          null,
          null,
          null,
          null,
          null,
          null,
          null,
          null,
          null
        ]
      },
      "/Users/emmymorris/turing/3module/projects/sweater-weather/spec/poros/forecast_details_spec.rb": {
        "lines": [
          1,
          null,
          1,
          1,
          1,
          1,
          1,
          1,
          null,
          1,
          null,
          1,
          1,
          1,
          1,
          1,
          1,
          1,
          1,
          1,
          1,
          1,
          1,
          null,
          1,
          1,
          1,
          1,
          1,
          1,
          1,
          1,
          1,
          1,
          null,
          1,
          1,
          1,
          1,
          1,
          1,
          1,
          null,
          null,
          null,
          null
        ]
      },
      "/Users/emmymorris/turing/3module/projects/sweater-weather/app/poros/forecast_details.rb": {
        "lines": [
          1,
          1,
          null,
          null,
          null,
          null,
          1,
          5,
          5,
          5,
          5,
          null,
          null,
          1,
          1,
          null,
          5,
          null,
          null,
          null,
          null,
          null,
          null,
          null,
          null,
          null,
          null,
          null,
          null,
          1,
          5,
          null,
          25,
          null,
          null,
          null,
          null,
          null,
          null,
          null,
          null,
          null,
          null,
          1,
          5,
          null,
          40,
          null,
          null,
          null,
          null,
          null,
          null,
          null
        ]
      },
      "/Users/emmymorris/turing/3module/projects/sweater-weather/spec/requests/api/v1/brewery/brewery_request_spec.rb": {
      "/Users/emmymorris/turing/3module/projects/sweater-weather/spec/requests/api/v1/background/background_request_spec.rb": {
        "lines": [
          1,
          null,
          1,
          null,
          1,
          1,
          null,
          1,
          null,
          1,
          null,
          1,
          null,
          1,
          1,
          1,
          1,
          1,
          1,
          1,
          1,
          1,
          1,
          null,
          null,
          null
        ]
      },
      "/Users/emmymorris/turing/3module/projects/sweater-weather/spec/requests/api/v1/forecast/weather_request_spec.rb": {
        "lines": [
          1,
          null,
          1,
          null,
          1,
          1,
          null,
          1,
          null,
          1,
          null,
          1,
          null,
          1,
          1,
          1,
          1,
          1,
          1,
          null,
          null,
          null
        ]
      },
      "/Users/emmymorris/turing/3module/projects/sweater-weather/spec/services/map_quest_service_spec.rb": {
        "lines": [
          1,
          null,
          1,
          null,
          1,
          1,
          1,
          1,
          1,
          null,
          1,
          1,
          1,
          1,
          1,
          null,
          null,
          null,
          null,
          null
        ]
      },
      "/Users/emmymorris/turing/3module/projects/sweater-weather/app/services/map_quest_service.rb": {
        "lines": [
          1,
          null,
          1,
          6,
          null,
          null,
          1,
          6,
          6,
          null,
          null,
          6,
          null,
          null,
          1,
          6,
          null,
          null,
          1,
          6,
          null,
          null
        ]
      },
      "/Users/emmymorris/turing/3module/projects/sweater-weather/spec/services/open_brewery_service_spec.rb": {
        "lines": [
          1,
          null,
          1,
          null,
          1,
          1,
          1,
          1,
          1,
          null,
          1,
          1,
          null,
          null,
          null,
          null,
          null,
          null,
          null,
          null,
          null
        ]
      },
      "/Users/emmymorris/turing/3module/projects/sweater-weather/app/services/open_brewery_service.rb": {
        "lines": [
          1,
          1,
          3,
          null,
          null,
          1,
          3,
          3,
          null,
          null,
          1,
          3,
          null,
          null
        ]
      },
      "/Users/emmymorris/turing/3module/projects/sweater-weather/spec/services/open_weather_service_spec.rb": {
        "lines": [
          1,
          null,
          1,
          null,
          1,
          1,
          1,
          1,
          1,
          1,
          null,
          1,
          1,
          1,
          1,
          1,
          1,
          1,
          1,
          null,
          null,
          null,
          null,
          null
        ]
      },
      "/Users/emmymorris/turing/3module/projects/sweater-weather/app/services/open_weather_service.rb": {
        "lines": [
          1,
          null,
          1,
          5,
          null,
          null,
          1,
          5,
          5,
          null,
          null,
          5,
          null,
          null,
          null,
          1,
          5,
          null,
          null,
          1,
          5,
          null,
          null
        ]
      },
      "/Users/emmymorris/turing/3module/projects/sweater-weather/app/services/background_service.rb": {
        "lines": [
          1,
          null,
          1,
          2,
          null,
          null,
          1,
          2,
          2,
          2,
          2,
          2,
          null,
          2,
          null,
          null,
          null,
          1,
          2,
          null,
          null,
          1,
          2,
          null,
          null
        ]
      },
      "/Users/emmymorris/turing/3module/projects/sweater-weather/app/poros/background_details.rb": {
        "lines": [
          1,
          1,
          null,
          null,
          null,
          null,
          1,
          2,
          2,
          2,
          null,
          2,
          null,
          null,
          null,
          null,
          null
        ]
      },
      "/Users/emmymorris/turing/3module/projects/sweater-weather/app/controllers/api/v1/backgrounds_controller.rb": {
        "lines": [
          1,
          1,
          1,
          null,
          1,
          null,
          null
        ]
      },
      "/Users/emmymorris/turing/3module/projects/sweater-weather/app/controllers/application_controller.rb": {
        "lines": [
          1,
          null
        ]
      },
      "/Users/emmymorris/turing/3module/projects/sweater-weather/app/serializers/brewery_serializer.rb": {
        "lines": [
          1,
          1,
          2,
          1,
      "/Users/emmymorris/turing/3module/projects/sweater-weather/app/serializers/background_serializer.rb": {
        "lines": [
          1,
          1,
          1,
          null
        ]
      },
      "/Users/emmymorris/turing/3module/projects/sweater-weather/app/controllers/api/v1/forecast_controller.rb": {
        "lines": [
          1,
          1,
          null,
          1,
          1,
          null,
          null
        ]
      },
      "/Users/emmymorris/turing/3module/projects/sweater-weather/app/serializers/forecast_serializer.rb": {
        "lines": [
          1,
          1,
          1,
          null
        ]
      }
    },
    "timestamp": 1628557392
  }
}
